
> app@1.0.0 dev
> vite


  VITE v6.4.1  ready in 417 ms

  ➜  Local:   http://localhost:5173/
  ➜  Network: use --host to expose
5:03:14 AM [vite] (client) Pre-transform error: Failed to parse source for import analysis because the content contains invalid JS syntax. If you are using JSX, make sure to name the file with the .jsx or .tsx extension.
  Plugin: vite:import-analysis
  File: /app/js/MainScene.js:1:1
  1  |  import { Nadagotchi } from './Nadagotchi.js';
     |  ^
  2  |  import { PersistenceManager } from './PersistenceManager.js';
  3  |  import { Calendar } from './Calendar.js';
Error:   Failed to scan for dependencies from entries:
  /app/index.html
/app/psagame.html

  [31m✘ [41;31m[[41;97mERROR[41;31m][0m [1mThe symbol "newFurniture" has already been declared[0m

    js/MainScene.js:781:18:
[37m      781 │             const [32mnewFurniture[37m = this.createPlacedFurnitureSprite...
          ╵                   [32m~~~~~~~~~~~~[0m

  The symbol "newFurniture" was originally declared here:

    js/MainScene.js:778:18:
[37m      778 │             const [32mnewFurniture[37m = this._createFurnitureSprite(this...
          ╵                   [32m~~~~~~~~~~~~[0m


[31m✘ [41;31m[[41;97mERROR[41;31m][0m [1mExpected ")" but found "}"[0m

    js/MainScene.js:861:0:
[37m      861 │ [32m}[37m
          │ [32m^[37m
          ╵ [32m)[0m


    at failureErrorWithLog (/app/node_modules/esbuild/lib/main.js:1467:15)
    at /app/node_modules/esbuild/lib/main.js:926:25
    at runOnEndCallbacks (/app/node_modules/esbuild/lib/main.js:1307:45)
    at buildResponseToResult (/app/node_modules/esbuild/lib/main.js:924:7)
    at /app/node_modules/esbuild/lib/main.js:936:9
    at new Promise (<anonymous>)
    at requestCallbacks.on-end (/app/node_modules/esbuild/lib/main.js:935:54)
    at handleRequest (/app/node_modules/esbuild/lib/main.js:628:17)
    at handleIncomingPacket (/app/node_modules/esbuild/lib/main.js:653:7)
    at Socket.readFromStdout (/app/node_modules/esbuild/lib/main.js:581:7)
